# JRE version: OpenJDK Runtime Environment Temurin-21.0.4+7 (21.0.4+7) (build 21.0.4+7-LTS)
# Java VM: OpenJDK 64-Bit Server VM Temurin-21.0.4+7 (21.0.4+7-LTS, mixed mode, sharing, tiered, compressed oops, compressed class ptrs, g1 gc, windows-amd64)
GC Precious Log:
 CardTable entry size: 512
 Card Set container configuration: InlinePtr #cards 5 size 8 Array Of Cards #cards 12 size 40 Howl #buckets 4 coarsen threshold 1843 Howl Bitmap #cards 512 size 80 coarsen threshold 460 Card regions per heap region 1 cards per card region 2048
 CPUs: 12 total, 12 available
 Memory: 7875M
 Large Page Support: Disabled
 NUMA Support: Disabled
 Compressed Oops: Enabled (32-bit)
 Heap Region Size: 1M
 Heap Min Capacity: 8M
 Heap Initial Capacity: 124M
 Heap Max Capacity: 1970M
 Pre-touch: Disabled
 Parallel Workers: 10
 Concurrent Workers: 3
 Concurrent Refinement Workers: 10
 Periodic GC: Disabled
Heap:
 garbage-first heap   total 58368K, used 46124K [0x0000000084e00000, 0x0000000100000000)
  region size 1024K, 16 young (16384K), 3 survivors (3072K)
 Metaspace       used 82006K, committed 82816K, reserved 1179648K
  class space    used 11271K, committed 11648K, reserved 1048576K
GC Heap History (20 events):
Event: 40.176 GC heap before
{Heap before GC invocations=14 (full 0):
 garbage-first heap   total 48128K, used 42259K [0x0000000084e00000, 0x0000000100000000)
  region size 1024K, 18 young (18432K), 2 survivors (2048K)
 Metaspace       used 54485K, committed 55168K, reserved 1114112K
  class space    used 7362K, committed 7680K, reserved 1048576K
}
Event: 40.181 GC heap after
{Heap after GC invocations=15 (full 0):
 garbage-first heap   total 48128K, used 26550K [0x0000000084e00000, 0x0000000100000000)
  region size 1024K, 2 young (2048K), 2 survivors (2048K)
 Metaspace       used 54485K, committed 55168K, reserved 1114112K
  class space    used 7362K, committed 7680K, reserved 1048576K
}
Event: 41.775 GC heap before
{Heap before GC invocations=16 (full 0):
 garbage-first heap   total 48128K, used 41910K [0x0000000084e00000, 0x0000000100000000)
  region size 1024K, 18 young (18432K), 2 survivors (2048K)
 Metaspace       used 59062K, committed 59776K, reserved 1114112K
  class space    used 7863K, committed 8192K, reserved 1048576K
}
Event: 41.782 GC heap after
{Heap after GC invocations=17 (full 0):
 garbage-first heap   total 48128K, used 27182K [0x0000000084e00000, 0x0000000100000000)
  region size 1024K, 2 young (2048K), 2 survivors (2048K)
 Metaspace       used 59062K, committed 59776K, reserved 1114112K
  class space    used 7863K, committed 8192K, reserved 1048576K
}
Event: 42.724 GC heap before
{Heap before GC invocations=17 (full 0):
 garbage-first heap   total 48128K, used 40494K [0x0000000084e00000, 0x0000000100000000)
  region size 1024K, 16 young (16384K), 2 survivors (2048K)
 Metaspace       used 62716K, committed 63424K, reserved 1114112K
  class space    used 8337K, committed 8640K, reserved 1048576K
}
Event: 42.732 GC heap after
{Heap after GC invocations=18 (full 0):
 garbage-first heap   total 48128K, used 27562K [0x0000000084e00000, 0x0000000100000000)
  region size 1024K, 2 young (2048K), 2 survivors (2048K)
 Metaspace       used 62716K, committed 63424K, reserved 1114112K
  class space    used 8337K, committed 8640K, reserved 1048576K
}
Event: 44.895 GC heap before
{Heap before GC invocations=18 (full 0):
 garbage-first heap   total 48128K, used 40874K [0x0000000084e00000, 0x0000000100000000)
  region size 1024K, 16 young (16384K), 2 survivors (2048K)
 Metaspace       used 67712K, committed 68352K, reserved 1114112K
  class space    used 9117K, committed 9408K, reserved 1048576K
}
Event: 44.902 GC heap after
{Heap after GC invocations=19 (full 0):
 garbage-first heap   total 48128K, used 28053K [0x0000000084e00000, 0x0000000100000000)
  region size 1024K, 2 young (2048K), 2 survivors (2048K)
 Metaspace       used 67712K, committed 68352K, reserved 1114112K
  class space    used 9117K, committed 9408K, reserved 1048576K
}
Event: 46.389 GC heap before
{Heap before GC invocations=20 (full 0):
 garbage-first heap   total 50176K, used 40341K [0x0000000084e00000, 0x0000000100000000)
  region size 1024K, 15 young (15360K), 2 survivors (2048K)
 Metaspace       used 70930K, committed 71616K, reserved 1114112K
  class space    used 9692K, committed 9984K, reserved 1048576K
}
Event: 46.395 GC heap after
{Heap after GC invocations=21 (full 0):
 garbage-first heap   total 50176K, used 28667K [0x0000000084e00000, 0x0000000100000000)
  region size 1024K, 2 young (2048K), 2 survivors (2048K)
 Metaspace       used 70930K, committed 71616K, reserved 1114112K
  class space    used 9692K, committed 9984K, reserved 1048576K
}
Event: 47.521 GC heap before
{Heap before GC invocations=21 (full 0):
 garbage-first heap   total 50176K, used 44027K [0x0000000084e00000, 0x0000000100000000)
  region size 1024K, 17 young (17408K), 2 survivors (2048K)
 Metaspace       used 73575K, committed 74368K, reserved 1114112K
  class space    used 10090K, committed 10432K, reserved 1048576K
}
Event: 47.530 GC heap after
{Heap after GC invocations=22 (full 0):
 garbage-first heap   total 50176K, used 29894K [0x0000000084e00000, 0x0000000100000000)
  region size 1024K, 3 young (3072K), 3 survivors (3072K)
 Metaspace       used 73575K, committed 74368K, reserved 1114112K
  class space    used 10090K, committed 10432K, reserved 1048576K
}
Event: 49.397 GC heap before
{Heap before GC invocations=22 (full 0):
 garbage-first heap   total 50176K, used 43206K [0x0000000084e00000, 0x0000000100000000)
  region size 1024K, 16 young (16384K), 3 survivors (3072K)
 Metaspace       used 76383K, committed 77120K, reserved 1179648K
  class space    used 10435K, committed 10752K, reserved 1048576K
}
Event: 49.406 GC heap after
{Heap after GC invocations=23 (full 0):
 garbage-first heap   total 50176K, used 31083K [0x0000000084e00000, 0x0000000100000000)
  region size 1024K, 2 young (2048K), 2 survivors (2048K)
 Metaspace       used 76383K, committed 77120K, reserved 1179648K
  class space    used 10435K, committed 10752K, reserved 1048576K
}
Event: 50.709 GC heap before
{Heap before GC invocations=24 (full 0):
 garbage-first heap   total 55296K, used 42347K [0x0000000084e00000, 0x0000000100000000)
  region size 1024K, 13 young (13312K), 2 survivors (2048K)
 Metaspace       used 76892K, committed 77696K, reserved 1179648K
  class space    used 10534K, committed 10880K, reserved 1048576K
}
Event: 50.715 GC heap after
{Heap after GC invocations=25 (full 0):
 garbage-first heap   total 55296K, used 31514K [0x0000000084e00000, 0x0000000100000000)
  region size 1024K, 1 young (1024K), 1 survivors (1024K)
 Metaspace       used 76892K, committed 77696K, reserved 1179648K
  class space    used 10534K, committed 10880K, reserved 1048576K
}
Event: 52.469 GC heap before
{Heap before GC invocations=25 (full 0):
 garbage-first heap   total 55296K, used 47898K [0x0000000084e00000, 0x0000000100000000)
  region size 1024K, 18 young (18432K), 1 survivors (1024K)
 Metaspace       used 79005K, committed 79808K, reserved 1179648K
  class space    used 10859K, committed 11200K, reserved 1048576K
}
Event: 52.476 GC heap after
{Heap after GC invocations=26 (full 0):
 garbage-first heap   total 55296K, used 32431K [0x0000000084e00000, 0x0000000100000000)
  region size 1024K, 2 young (2048K), 2 survivors (2048K)
 Metaspace       used 79005K, committed 79808K, reserved 1179648K
  class space    used 10859K, committed 11200K, reserved 1048576K
}
Event: 53.619 GC heap before
{Heap before GC invocations=26 (full 0):
 garbage-first heap   total 55296K, used 47791K [0x0000000084e00000, 0x0000000100000000)
  region size 1024K, 18 young (18432K), 2 survivors (2048K)
 Metaspace       used 80523K, committed 81344K, reserved 1179648K
  class space    used 11073K, committed 11456K, reserved 1048576K
}
Event: 53.628 GC heap after
{Heap after GC invocations=27 (full 0):
 garbage-first heap   total 55296K, used 33836K [0x0000000084e00000, 0x0000000100000000)
  region size 1024K, 3 young (3072K), 3 survivors (3072K)
 Metaspace       used 80523K, committed 81344K, reserved 1179648K
  class space    used 11073K, committed 11456K, reserved 1048576K
}

