# JRE version: OpenJDK Runtime Environment Temurin-21.0.11+10 (21.0.11+10) (build 21.0.11+10-LTS)
# Java VM: OpenJDK 64-Bit Server VM Temurin-21.0.11+10 (21.0.11+10-LTS, mixed mode, sharing, tiered, compressed oops, compressed class ptrs, parallel gc, windows-amd64)
GC Precious Log:
 CardTable entry size: 512
 CPUs: 12 total, 12 available
 Memory: 7875M
 Large Page Support: Disabled
 NUMA Support: Disabled
 Compressed Oops: Enabled (32-bit)
 Alignments: Space 512K, Generation 512K, Heap 2M
 Heap Min Capacity: 100M
 Heap Initial Capacity: 100M
 Heap Max Capacity: 2G
 Pre-touch: Disabled
 Parallel Workers: 10
Heap:
 PSYoungGen      total 9728K, used 7559K [0x00000000d5580000, 0x00000000d6400000, 0x0000000100000000)
  eden space 9216K, 78% used [0x00000000d5580000,0x00000000d5c93420,0x00000000d5e80000)
  from space 512K, 61% used [0x00000000d6380000,0x00000000d63ce900,0x00000000d6400000)
  to   space 512K, 0% used [0x00000000d6300000,0x00000000d6300000,0x00000000d6380000)
 ParOldGen       total 1166336K, used 1165843K [0x0000000080000000, 0x00000000c7300000, 0x00000000d5580000)
  object space 1166336K, 99% used [0x0000000080000000,0x00000000c7284f88,0x00000000c7300000)
 Metaspace       used 107288K, committed 109248K, reserved 1179648K
  class space    used 10933K, committed 11840K, reserved 1048576K
GC Heap History (20 events):
Event: 16179.125 GC heap before
{Heap before GC invocations=4717 (full 7):
 PSYoungGen      total 7680K, used 7264K [0x00000000d5580000, 0x00000000d6100000, 0x0000000100000000)
  eden space 6144K, 100% used [0x00000000d5580000,0x00000000d5b80000,0x00000000d5b80000)
  from space 1536K, 72% used [0x00000000d5f80000,0x00000000d6098000,0x00000000d6100000)
  to   space 2048K, 0% used [0x00000000d5d00000,0x00000000d5d00000,0x00000000d5f00000)
 ParOldGen       total 1135104K, used 1134621K [0x0000000080000000, 0x00000000c5480000, 0x00000000d5580000)
  object space 1135104K, 99% used [0x0000000080000000,0x00000000c5407448,0x00000000c5480000)
 Metaspace       used 107250K, committed 109248K, reserved 1179648K
  class space    used 10930K, committed 11840K, reserved 1048576K
}
Event: 16179.143 GC heap after
{Heap after GC invocations=4717 (full 7):
 PSYoungGen      total 8192K, used 2031K [0x00000000d5580000, 0x00000000d6780000, 0x0000000100000000)
  eden space 6144K, 0% used [0x00000000d5580000,0x00000000d5580000,0x00000000d5b80000)
  from space 2048K, 99% used [0x00000000d5d00000,0x00000000d5efbd60,0x00000000d5f00000)
  to   space 6144K, 0% used [0x00000000d6180000,0x00000000d6180000,0x00000000d6780000)
 ParOldGen       total 1137664K, used 1137617K [0x0000000080000000, 0x00000000c5700000, 0x00000000d5580000)
  object space 1137664K, 99% used [0x0000000080000000,0x00000000c56f46f0,0x00000000c5700000)
 Metaspace       used 107250K, committed 109248K, reserved 1179648K
  class space    used 10930K, committed 11840K, reserved 1048576K
}
Event: 16179.204 GC heap before
{Heap before GC invocations=4718 (full 7):
 PSYoungGen      total 8192K, used 8175K [0x00000000d5580000, 0x00000000d6780000, 0x0000000100000000)
  eden space 6144K, 100% used [0x00000000d5580000,0x00000000d5b80000,0x00000000d5b80000)
  from space 2048K, 99% used [0x00000000d5d00000,0x00000000d5efbd60,0x00000000d5f00000)
  to   space 6144K, 0% used [0x00000000d6180000,0x00000000d6180000,0x00000000d6780000)
 ParOldGen       total 1137664K, used 1137617K [0x0000000080000000, 0x00000000c5700000, 0x00000000d5580000)
  object space 1137664K, 99% used [0x0000000080000000,0x00000000c56f46f0,0x00000000c5700000)
 Metaspace       used 107251K, committed 109248K, reserved 1179648K
  class space    used 10930K, committed 11840K, reserved 1048576K
}
Event: 16179.223 GC heap after
{Heap after GC invocations=4718 (full 7):
 PSYoungGen      total 12288K, used 5728K [0x00000000d5580000, 0x00000000d6780000, 0x0000000100000000)
  eden space 6144K, 0% used [0x00000000d5580000,0x00000000d5580000,0x00000000d5b80000)
  from space 6144K, 93% used [0x00000000d6180000,0x00000000d6718000,0x00000000d6780000)
  to   space 6144K, 0% used [0x00000000d5b80000,0x00000000d5b80000,0x00000000d6180000)
 ParOldGen       total 1139712K, used 1139665K [0x0000000080000000, 0x00000000c5900000, 0x00000000d5580000)
  object space 1139712K, 99% used [0x0000000080000000,0x00000000c58f4460,0x00000000c5900000)
 Metaspace       used 107251K, committed 109248K, reserved 1179648K
  class space    used 10930K, committed 11840K, reserved 1048576K
}
Event: 16179.268 GC heap before
{Heap before GC invocations=4719 (full 7):
 PSYoungGen      total 12288K, used 11710K [0x00000000d5580000, 0x00000000d6780000, 0x0000000100000000)
  eden space 6144K, 97% used [0x00000000d5580000,0x00000000d5b57af8,0x00000000d5b80000)
  from space 6144K, 93% used [0x00000000d6180000,0x00000000d6718000,0x00000000d6780000)
  to   space 6144K, 0% used [0x00000000d5b80000,0x00000000d5b80000,0x00000000d6180000)
 ParOldGen       total 1139712K, used 1139665K [0x0000000080000000, 0x00000000c5900000, 0x00000000d5580000)
  object space 1139712K, 99% used [0x0000000080000000,0x00000000c58f4460,0x00000000c5900000)
 Metaspace       used 107251K, committed 109248K, reserved 1179648K
  class space    used 10930K, committed 11840K, reserved 1048576K
}
Event: 16179.289 GC heap after
{Heap after GC invocations=4719 (full 7):
 PSYoungGen      total 11776K, used 5508K [0x00000000d5580000, 0x00000000d6680000, 0x0000000100000000)
  eden space 6144K, 0% used [0x00000000d5580000,0x00000000d5580000,0x00000000d5b80000)
  from space 5632K, 97% used [0x00000000d5b80000,0x00000000d60e1000,0x00000000d6100000)
  to   space 5632K, 0% used [0x00000000d6100000,0x00000000d6100000,0x00000000d6680000)
 ParOldGen       total 1145344K, used 1145329K [0x0000000080000000, 0x00000000c5e80000, 0x00000000d5580000)
  object space 1145344K, 99% used [0x0000000080000000,0x00000000c5e7c460,0x00000000c5e80000)
 Metaspace       used 107251K, committed 109248K, reserved 1179648K
  class space    used 10930K, committed 11840K, reserved 1048576K
}
Event: 16179.426 GC heap before
{Heap before GC invocations=4720 (full 7):
 PSYoungGen      total 11776K, used 11642K [0x00000000d5580000, 0x00000000d6680000, 0x0000000100000000)
  eden space 6144K, 99% used [0x00000000d5580000,0x00000000d5b7db90,0x00000000d5b80000)
  from space 5632K, 97% used [0x00000000d5b80000,0x00000000d60e1000,0x00000000d6100000)
  to   space 5632K, 0% used [0x00000000d6100000,0x00000000d6100000,0x00000000d6680000)
 ParOldGen       total 1145344K, used 1145329K [0x0000000080000000, 0x00000000c5e80000, 0x00000000d5580000)
  object space 1145344K, 99% used [0x0000000080000000,0x00000000c5e7c460,0x00000000c5e80000)
 Metaspace       used 107251K, committed 109248K, reserved 1179648K
  class space    used 10930K, committed 11840K, reserved 1048576K
}
Event: 16179.460 GC heap after
{Heap after GC invocations=4720 (full 7):
 PSYoungGen      total 10752K, used 4450K [0x00000000d5580000, 0x00000000d6580000, 0x0000000100000000)
  eden space 6144K, 0% used [0x00000000d5580000,0x00000000d5580000,0x00000000d5b80000)
  from space 4608K, 96% used [0x00000000d6100000,0x00000000d65589b0,0x00000000d6580000)
  to   space 5120K, 0% used [0x00000000d5b80000,0x00000000d5b80000,0x00000000d6080000)
 ParOldGen       total 1150464K, used 1150313K [0x0000000080000000, 0x00000000c6380000, 0x00000000d5580000)
  object space 1150464K, 99% used [0x0000000080000000,0x00000000c635a460,0x00000000c6380000)
 Metaspace       used 107251K, committed 109248K, reserved 1179648K
  class space    used 10930K, committed 11840K, reserved 1048576K
}
Event: 16179.505 GC heap before
{Heap before GC invocations=4721 (full 7):
 PSYoungGen      total 10752K, used 10594K [0x00000000d5580000, 0x00000000d6580000, 0x0000000100000000)
  eden space 6144K, 100% used [0x00000000d5580000,0x00000000d5b80000,0x00000000d5b80000)
  from space 4608K, 96% used [0x00000000d6100000,0x00000000d65589b0,0x00000000d6580000)
  to   space 5120K, 0% used [0x00000000d5b80000,0x00000000d5b80000,0x00000000d6080000)
 ParOldGen       total 1150464K, used 1150313K [0x0000000080000000, 0x00000000c6380000, 0x00000000d5580000)
  object space 1150464K, 99% used [0x0000000080000000,0x00000000c635a460,0x00000000c6380000)
 Metaspace       used 107252K, committed 109248K, reserved 1179648K
  class space    used 10930K, committed 11840K, reserved 1048576K
}
Event: 16179.596 GC heap after
{Heap after GC invocations=4721 (full 7):
 PSYoungGen      total 11264K, used 5120K [0x00000000d5580000, 0x00000000d7400000, 0x0000000100000000)
  eden space 6144K, 0% used [0x00000000d5580000,0x00000000d5580000,0x00000000d5b80000)
  from space 5120K, 100% used [0x00000000d5b80000,0x00000000d6080000,0x00000000d6080000)
  to   space 11776K, 0% used [0x00000000d6880000,0x00000000d6880000,0x00000000d7400000)
 ParOldGen       total 1156096K, used 1155627K [0x0000000080000000, 0x00000000c6900000, 0x00000000d5580000)
  object space 1156096K, 99% used [0x0000000080000000,0x00000000c688ae40,0x00000000c6900000)
 Metaspace       used 107252K, committed 109248K, reserved 1179648K
  class space    used 10930K, committed 11840K, reserved 1048576K
}
Event: 16179.979 GC heap before
{Heap before GC invocations=4722 (full 7):
 PSYoungGen      total 11264K, used 10607K [0x00000000d5580000, 0x00000000d7400000, 0x0000000100000000)
  eden space 6144K, 89% used [0x00000000d5580000,0x00000000d5adbc28,0x00000000d5b80000)
  from space 5120K, 100% used [0x00000000d5b80000,0x00000000d6080000,0x00000000d6080000)
  to   space 11776K, 0% used [0x00000000d6880000,0x00000000d6880000,0x00000000d7400000)
 ParOldGen       total 1156096K, used 1155627K [0x0000000080000000, 0x00000000c6900000, 0x00000000d5580000)
  object space 1156096K, 99% used [0x0000000080000000,0x00000000c688ae40,0x00000000c6900000)
 Metaspace       used 107256K, committed 109248K, reserved 1179648K
  class space    used 10930K, committed 11840K, reserved 1048576K
}
Event: 16180.012 GC heap after
{Heap after GC invocations=4722 (full 7):
 PSYoungGen      total 11776K, used 4088K [0x00000000d5580000, 0x00000000d6c80000, 0x0000000100000000)
  eden space 7680K, 0% used [0x00000000d5580000,0x00000000d5580000,0x00000000d5d00000)
  from space 4096K, 99% used [0x00000000d6880000,0x00000000d6c7e370,0x00000000d6c80000)
  to   space 6656K, 0% used [0x00000000d5f80000,0x00000000d5f80000,0x00000000d6600000)
 ParOldGen       total 1161216K, used 1160819K [0x0000000080000000, 0x00000000c6e00000, 0x00000000d5580000)
  object space 1161216K, 99% used [0x0000000080000000,0x00000000c6d9ce50,0x00000000c6e00000)
 Metaspace       used 107256K, committed 109248K, reserved 1179648K
  class space    used 10930K, committed 11840K, reserved 1048576K
}
Event: 16180.190 GC heap before
{Heap before GC invocations=4723 (full 7):
 PSYoungGen      total 11776K, used 11768K [0x00000000d5580000, 0x00000000d6c80000, 0x0000000100000000)
  eden space 7680K, 99% used [0x00000000d5580000,0x00000000d5cffff8,0x00000000d5d00000)
  from space 4096K, 99% used [0x00000000d6880000,0x00000000d6c7e370,0x00000000d6c80000)
  to   space 6656K, 0% used [0x00000000d5f80000,0x00000000d5f80000,0x00000000d6600000)
 ParOldGen       total 1161216K, used 1160819K [0x0000000080000000, 0x00000000c6e00000, 0x00000000d5580000)
  object space 1161216K, 99% used [0x0000000080000000,0x00000000c6d9ce50,0x00000000c6e00000)
 Metaspace       used 107257K, committed 109248K, reserved 1179648K
  class space    used 10930K, committed 11840K, reserved 1048576K
}
Event: 16180.213 GC heap after
{Heap after GC invocations=4723 (full 7):
 PSYoungGen      total 13824K, used 4098K [0x00000000d5580000, 0x00000000d6900000, 0x0000000100000000)
  eden space 9216K, 0% used [0x00000000d5580000,0x00000000d5580000,0x00000000d5e80000)
  from space 4608K, 88% used [0x00000000d5f80000,0x00000000d63809c0,0x00000000d6400000)
  to   space 4608K, 0% used [0x00000000d6480000,0x00000000d6480000,0x00000000d6900000)
 ParOldGen       total 1164800K, used 1164777K [0x0000000080000000, 0x00000000c7180000, 0x00000000d5580000)
  object space 1164800K, 99% used [0x0000000080000000,0x00000000c717a598,0x00000000c7180000)
 Metaspace       used 107257K, committed 109248K, reserved 1179648K
  class space    used 10930K, committed 11840K, reserved 1048576K
}
Event: 16219.704 GC heap before
{Heap before GC invocations=4724 (full 7):
 PSYoungGen      total 13824K, used 13166K [0x00000000d5580000, 0x00000000d6900000, 0x0000000100000000)
  eden space 9216K, 98% used [0x00000000d5580000,0x00000000d5e5b198,0x00000000d5e80000)
  from space 4608K, 88% used [0x00000000d5f80000,0x00000000d63809c0,0x00000000d6400000)
  to   space 4608K, 0% used [0x00000000d6480000,0x00000000d6480000,0x00000000d6900000)
 ParOldGen       total 1164800K, used 1164777K [0x0000000080000000, 0x00000000c7180000, 0x00000000d5580000)
  object space 1164800K, 99% used [0x0000000080000000,0x00000000c717a598,0x00000000c7180000)
 Metaspace       used 107271K, committed 109248K, reserved 1179648K
  class space    used 10930K, committed 11840K, reserved 1048576K
}
Event: 16219.892 GC heap after
{Heap after GC invocations=4724 (full 7):
 PSYoungGen      total 11264K, used 1931K [0x00000000d5580000, 0x00000000d6680000, 0x0000000100000000)
  eden space 9216K, 0% used [0x00000000d5580000,0x00000000d5580000,0x00000000d5e80000)
  from space 2048K, 94% used [0x00000000d6480000,0x00000000d6662e40,0x00000000d6680000)
  to   space 3072K, 0% used [0x00000000d6080000,0x00000000d6080000,0x00000000d6380000)
 ParOldGen       total 1165824K, used 1165321K [0x0000000080000000, 0x00000000c7280000, 0x00000000d5580000)
  object space 1165824K, 99% used [0x0000000080000000,0x00000000c7202598,0x00000000c7280000)
 Metaspace       used 107271K, committed 109248K, reserved 1179648K
  class space    used 10930K, committed 11840K, reserved 1048576K
}
Event: 16225.845 GC heap before
{Heap before GC invocations=4725 (full 7):
 PSYoungGen      total 11264K, used 11147K [0x00000000d5580000, 0x00000000d6680000, 0x0000000100000000)
  eden space 9216K, 100% used [0x00000000d5580000,0x00000000d5e80000,0x00000000d5e80000)
  from space 2048K, 94% used [0x00000000d6480000,0x00000000d6662e40,0x00000000d6680000)
  to   space 3072K, 0% used [0x00000000d6080000,0x00000000d6080000,0x00000000d6380000)
 ParOldGen       total 1165824K, used 1165321K [0x0000000080000000, 0x00000000c7280000, 0x00000000d5580000)
  object space 1165824K, 99% used [0x0000000080000000,0x00000000c7202598,0x00000000c7280000)
 Metaspace       used 107272K, committed 109248K, reserved 1179648K
  class space    used 10930K, committed 11840K, reserved 1048576K
}
Event: 16225.857 GC heap after
{Heap after GC invocations=4725 (full 7):
 PSYoungGen      total 12288K, used 346K [0x00000000d5580000, 0x00000000d6500000, 0x0000000100000000)
  eden space 9216K, 0% used [0x00000000d5580000,0x00000000d5580000,0x00000000d5e80000)
  from space 3072K, 11% used [0x00000000d6080000,0x00000000d60d6900,0x00000000d6380000)
  to   space 1536K, 0% used [0x00000000d6380000,0x00000000d6380000,0x00000000d6500000)
 ParOldGen       total 1165824K, used 1165639K [0x0000000080000000, 0x00000000c7280000, 0x00000000d5580000)
  object space 1165824K, 99% used [0x0000000080000000,0x00000000c7251d48,0x00000000c7280000)
 Metaspace       used 107272K, committed 109248K, reserved 1179648K
  class space    used 10930K, committed 11840K, reserved 1048576K
}
Event: 16226.203 GC heap before
{Heap before GC invocations=4726 (full 7):
 PSYoungGen      total 12288K, used 9562K [0x00000000d5580000, 0x00000000d6500000, 0x0000000100000000)
  eden space 9216K, 100% used [0x00000000d5580000,0x00000000d5e80000,0x00000000d5e80000)
  from space 3072K, 11% used [0x00000000d6080000,0x00000000d60d6900,0x00000000d6380000)
  to   space 1536K, 0% used [0x00000000d6380000,0x00000000d6380000,0x00000000d6500000)
 ParOldGen       total 1165824K, used 1165639K [0x0000000080000000, 0x00000000c7280000, 0x00000000d5580000)
  object space 1165824K, 99% used [0x0000000080000000,0x00000000c7251d48,0x00000000c7280000)
 Metaspace       used 107272K, committed 109248K, reserved 1179648K
  class space    used 10930K, committed 11840K, reserved 1048576K
}
Event: 16226.216 GC heap after
{Heap after GC invocations=4726 (full 7):
 PSYoungGen      total 9728K, used 314K [0x00000000d5580000, 0x00000000d6400000, 0x0000000100000000)
  eden space 9216K, 0% used [0x00000000d5580000,0x00000000d5580000,0x00000000d5e80000)
  from space 512K, 61% used [0x00000000d6380000,0x00000000d63ce900,0x00000000d6400000)
  to   space 512K, 0% used [0x00000000d6300000,0x00000000d6300000,0x00000000d6380000)
 ParOldGen       total 1166336K, used 1165843K [0x0000000080000000, 0x00000000c7300000, 0x00000000d5580000)
  object space 1166336K, 99% used [0x0000000080000000,0x00000000c7284f88,0x00000000c7300000)
 Metaspace       used 107272K, committed 109248K, reserved 1179648K
  class space    used 10930K, committed 11840K, reserved 1048576K
}

